<?xml version="1.0" encoding="UTF-8"?>
<!-- Generated by org.testng.reporters.JUnitXMLReporter -->
<testsuite ignored="0" hostname="yogesh" failures="1" tests="2" name="Test" time="37.173" errors="0" timestamp="2022-07-30T14:50:37 IST">
  <testcase classname="com.qa.testLayer.TradingPageTest" name="buyShareAxis" time="9.408">
    <failure type="java.lang.AssertionError" message="expected [Order Created ccessfully] but found [Order Created successfully]">
      <![CDATA[java.lang.AssertionError: expected [Order Created ccessfully] but found [Order Created successfully]
at com.qa.testLayer.TradingPageTest.buyShareAxis(TradingPageTest.java:43)
at java.base/java.util.ArrayList.forEach(ArrayList.java:1511)
... Removed 31 stack frames]]>
    </failure>
  </testcase> <!-- buyShareAxis -->
  <testcase classname="com.qa.testLayer.TradingPageTest" name="buyShareWipro" time="9.532"/>
</testsuite> <!-- Test -->
